<?xml version="1.0" encoding="UTF-8"?>
<testsuite xmlns:xsi="http://www.w3.org/2001/XMLSchema-instance" xsi:noNamespaceSchemaLocation="https://maven.apache.org/surefire/maven-surefire-plugin/xsd/surefire-test-report.xsd" name="test.java.RunTest" time="133.099" tests="4" errors="0" skipped="0" failures="0">
  <properties>
[...]
</properties>
  <testcase name="Given Compare sites from URL1 = &quot;file:///C:/Users/obansal/Documents/MuseExport/index.html&quot; and URL2 = &quot;file:///C:/Users/obansal/Documents/MuseExport/index.html&quot; using Java" classname="| file:///C:/Users/obansal/Documents/MuseExport/index.html | file:///C:/Users/obansal/Documents/MuseExport/index.html |" time="0.002"/>
  <testcase name="| file:///C:/Users/obansal/Documents/MuseExport/index.html | file:///C:/Users/obansal/Documents/MuseExport/index.html |" classname="| file:///C:/Users/obansal/Documents/MuseExport/index.html | file:///C:/Users/obansal/Documents/MuseExport/index.html |" time="0.003"/>
  <testcase name="Given Compare sites from URL1 = &quot;http://test-nov62017-125.businesscatalyst.com/index.html&quot; and URL2 = &quot;http://test-nov62017-125.businesscatalyst.com/index.html&quot; using Java" classname="| http://test-nov62017-125.businesscatalyst.com/index.html | http://test-nov62017-125.businesscatalyst.com/index.html |" time="0.001"/>
  <testcase name="| http://test-nov62017-125.businesscatalyst.com/index.html | http://test-nov62017-125.businesscatalyst.com/index.html |" classname="| http://test-nov62017-125.businesscatalyst.com/index.html | http://test-nov62017-125.businesscatalyst.com/index.html |" time="0.001"/>
</testsuite>